<?xml version="1.0" encoding="UTF-8"?>
<testsuite name="TestSuite" time="230.812" tests="2" errors="0" skipped="0" failures="1">
  <properties>
    <property name="java.vendor" value="Oracle Corporation"/>
    <property name="JOB_NAME" value="FirstMaven"/>
    <property name="RUN_TESTS_DISPLAY_URL" value="http://localhost:8080/job/FirstMaven/3/display/redirect?page=tests"/>
    <property name="sun.java.launcher" value="SUN_STANDARD"/>
    <property name="NUMBER_OF_PROCESSORS" value="8"/>
    <property name="sun.management.compiler" value="HotSpot 64-Bit Tiered Compilers"/>
    <property name="JENKINS_HOME" value="C:\Users\PMood.INTEUM2\.jenkins"/>
    <property name="HUDSON_SERVER_COOKIE" value="28563cc389912bcb"/>
    <property name="POM_ARTIFACTID" value="automation"/>
    <property name="os.name" value="Windows 10"/>
    <property name="sun.boot.class.path" value="C:\Program Files\Java\jdk1.8.0_271\jre\lib\resources.jar;C:\Program Files\Java\jdk1.8.0_271\jre\lib\rt.jar;C:\Program Files\Java\jdk1.8.0_271\jre\lib\sunrsasign.jar;C:\Program Files\Java\jdk1.8.0_271\jre\lib\jsse.jar;C:\Program Files\Java\jdk1.8.0_271\jre\lib\jce.jar;C:\Program Files\Java\jdk1.8.0_271\jre\lib\charsets.jar;C:\Program Files\Java\jdk1.8.0_271\jre\lib\jfr.jar;C:\Program Files\Java\jdk1.8.0_271\jre\classes"/>
    <property name="EXECUTOR_NUMBER" value="0"/>
    <property name="sun.desktop" value="windows"/>
    <property name="PATHEXT" value=".COM;.EXE;.BAT;.CMD;.VBS;.VBE;.JS;.JSE;.WSF;.WSH;.MSC"/>
    <property name="java.vm.specification.vendor" value="Oracle Corporation"/>
    <property name="POM_DISPLAYNAME" value="automation"/>
    <property name="NODE_LABELS" value="master"/>
    <property name="TEMP" value="C:\Users\PMOOD~1.INT\AppData\Local\Temp"/>
    <property name="java.runtime.version" value="1.8.0_271-b09"/>
    <property name="user.name" value="PMood"/>
    <property name="guice.disable.misplaced.annotation.check" value="true"/>
    <property name="CommonProgramW6432" value="C:\Program Files\Common Files"/>
    <property name="ProgramFiles" value="C:\Program Files"/>
    <property name="PROMPT" value="$P$G"/>
    <property name="user.language" value="en"/>
    <property name="JOB_BASE_NAME" value="FirstMaven"/>
    <property name="RUN_CHANGES_DISPLAY_URL" value="http://localhost:8080/job/FirstMaven/3/display/redirect?page=changes"/>
    <property name="BUILD_DISPLAY_NAME" value="#3"/>
    <property name="OneDrive" value="C:\Users\PMood.INTEUM2\OneDrive"/>
    <property name="sun.boot.library.path" value="C:\Program Files\Java\jdk1.8.0_271\jre\bin"/>
    <property name="VS110COMNTOOLS" value="C:\Program Files (x86)\Microsoft Visual Studio 11.0\Common7\Tools\"/>
    <property name="LOCALAPPDATA" value="C:\Users\PMood.INTEUM2\AppData\Local"/>
    <property name="java.version" value="1.8.0_271"/>
    <property name="PROCESSOR_LEVEL" value="6"/>
    <property name="user.timezone" value="America/New_York"/>
    <property name="USERNAME" value="PMood"/>
    <property name="sun.arch.data.model" value="64"/>
    <property name="NODE_NAME" value="master"/>
    <property name="java.endorsed.dirs" value="C:\Program Files\Java\jdk1.8.0_271\jre\lib\endorsed"/>
    <property name="BUILD_ID" value="3"/>
    <property name="sun.cpu.isalist" value="amd64"/>
    <property name="sun.jnu.encoding" value="Cp1252"/>
    <property name="file.encoding.pkg" value="sun.io"/>
    <property name="file.separator" value="\"/>
    <property name="java.specification.name" value="Java Platform API Specification"/>
    <property name="HOMEDRIVE" value="C:"/>
    <property name="maven.conf" value="C:\Myown\apache-maven-3.6.3-bin\apache-maven-3.6.3\conf"/>
    <property name="java.class.version" value="52.0"/>
    <property name="=::" value="::\"/>
    <property name="org.slf4j.simpleLogger.defaultLogLevel" value="info"/>
    <property name="user.country" value="US"/>
    <property name="ALLUSERSPROFILE" value="C:\ProgramData"/>
    <property name="java.home" value="C:\Program Files\Java\jdk1.8.0_271\jre"/>
    <property name="java.vm.info" value="mixed mode"/>
    <property name="os.version" value="10.0"/>
    <property name="RUN_DISPLAY_URL" value="http://localhost:8080/job/FirstMaven/3/display/redirect"/>
    <property name="POM_VERSION" value="0.0.1-SNAPSHOT"/>
    <property name="TMP" value="C:\Users\PMOOD~1.INT\AppData\Local\Temp"/>
    <property name="RUN_ARTIFACTS_DISPLAY_URL" value="http://localhost:8080/job/FirstMaven/3/display/redirect?page=artifacts"/>
    <property name="path.separator" value=";"/>
    <property name="java.vm.version" value="25.271-b09"/>
    <property name="user.variant" value=""/>
    <property name="JOB_DISPLAY_URL" value="http://localhost:8080/job/FirstMaven/display/redirect"/>
    <property name="CommonProgramFiles(x86)" value="C:\Program Files (x86)\Common Files"/>
    <property name="USERDOMAIN_ROAMINGPROFILE" value="INTEUM2"/>
    <property name="java.awt.printerjob" value="sun.awt.windows.WPrinterJob"/>
    <property name="sun.io.unicode.encoding" value="UnicodeLittle"/>
    <property name="CommonProgramFiles" value="C:\Program Files\Common Files"/>
    <property name="ComSpec" value="C:\WINDOWS\system32\cmd.exe"/>
    <property name="awt.toolkit" value="sun.awt.windows.WToolkit"/>
    <property name="HOMEPATH" value="\Users\PMood.INTEUM2"/>
    <property name="USERDNSDOMAIN" value="INTEUM2.LOCAL"/>
    <property name="POM_PACKAGING" value="jar"/>
    <property name="user.script" value=""/>
    <property name="COMPUTERNAME" value="PREET-PC"/>
    <property name="POM_GROUPID" value="com.automation"/>
    <property name="user.home" value="C:\Users\PMood.INTEUM2"/>
    <property name="PUBLIC" value="C:\Users\Public"/>
    <property name="BUILD_TAG" value="jenkins-FirstMaven-3"/>
    <property name="JENKINS_SERVER_COOKIE" value="28563cc389912bcb"/>
    <property name="HUDSON_URL" value="http://localhost:8080/"/>
    <property name="ProgramData" value="C:\ProgramData"/>
    <property name="java.specification.vendor" value="Oracle Corporation"/>
    <property name="USERPROFILE" value="C:\Users\PMood.INTEUM2"/>
    <property name="CLASSPATH" value=""/>
    <property name="java.vendor.url" value="http://java.oracle.com/"/>
    <property name="java.library.path" value="C:\Program Files\Java\jdk1.8.0_271\bin;C:\WINDOWS\Sun\Java\bin;C:\WINDOWS\system32;C:\WINDOWS;C:\Myown\apache-maven-3.6.3-bin\apache-maven-3.6.3\/bin;C:\Program Files (x86)\Intel\iCLS Client\;C:\Program Files\Intel\iCLS Client\;C:\WINDOWS\system32;C:\WINDOWS;C:\WINDOWS\System32\Wbem;C:\WINDOWS\System32\WindowsPowerShell\v1.0\;C:\Program Files (x86)\Intel\Intel(R) Management Engine Components\DAL;C:\Program Files\Intel\Intel(R) Management Engine Components\DAL;C:\Program Files (x86)\Intel\Intel(R) Management Engine Components\IPT;C:\Program Files\Intel\Intel(R) Management Engine Components\IPT;C:\Program Files\Microsoft SQL Server\110\Tools\Binn\;C:\Program Files (x86)\Microsoft SDKs\TypeScript\1.0\;C:\Program Files\Microsoft SQL Server\120\Tools\Binn\;C:\Program Files (x86)\Microsoft SQL Server\Client SDK\ODBC\130\Tools\Binn\;C:\Program Files (x86)\Microsoft SQL Server\140\Tools\Binn\;C:\Program Files (x86)\Microsoft SQL Server\140\DTS\Binn\;C:\Program Files (x86)\Microsoft SQL Server\140\Tools\Binn\ManagementStudio\;C:\Program Files\dotnet\;C:\Program Files\Microsoft SQL Server\130\Tools\Binn\;C:\WINDOWS\System32\OpenSSH\;C:\Program Files\nodejs\;C:\Program Files\Java\jdk1.8.0_271\bin\;C:\Users\PMood.INTEUM2\AppData\Local\Microsoft\WindowsApps;C:\Users\PMood.INTEUM2\AppData\Local\Programs\Fiddler;C:\Users\PMood.INTEUM2\AppData\Local\Microsoft\WindowsApps;C:\Users\PMood.INTEUM2\AppData\Roaming\npm;C:\Program Files\Java\jdk1.8.0_271\;."/>
    <property name="java.vm.vendor" value="Oracle Corporation"/>
    <property name="APPDATA" value="C:\Users\PMood.INTEUM2\AppData\Roaming"/>
    <property name="java.runtime.name" value="Java(TM) SE Runtime Environment"/>
    <property name="maven.home" value="C:\Myown\apache-maven-3.6.3-bin\apache-maven-3.6.3"/>
    <property name="java.class.path" value="C:\Users\PMood.INTEUM2\.jenkins\plugins\maven-plugin\WEB-INF\lib\maven35-agent-1.13.jar;C:\Myown\apache-maven-3.6.3-bin\apache-maven-3.6.3\boot\plexus-classworlds-2.6.0.jar;C:\Myown\apache-maven-3.6.3-bin\apache-maven-3.6.3/conf/logging"/>
    <property name="sun.java.command" value="jenkins.maven3.agent.Maven35Main C:\Myown\apache-maven-3.6.3-bin\apache-maven-3.6.3\ C:\Users\PMood.INTEUM2\.jenkins\war\WEB-INF\lib\remoting-4.5.jar C:\Users\PMood.INTEUM2\.jenkins\plugins\maven-plugin\WEB-INF\lib\maven35-interceptor-1.13.jar C:\Users\PMood.INTEUM2\.jenkins\plugins\maven-plugin\WEB-INF\lib\maven3-interceptor-commons-1.13.jar 54802"/>
    <property name="Path" value="C:\Program Files (x86)\Intel\iCLS Client\;C:\Program Files\Intel\iCLS Client\;C:\WINDOWS\system32;C:\WINDOWS;C:\WINDOWS\System32\Wbem;C:\WINDOWS\System32\WindowsPowerShell\v1.0\;C:\Program Files (x86)\Intel\Intel(R) Management Engine Components\DAL;C:\Program Files\Intel\Intel(R) Management Engine Components\DAL;C:\Program Files (x86)\Intel\Intel(R) Management Engine Components\IPT;C:\Program Files\Intel\Intel(R) Management Engine Components\IPT;C:\Program Files\Microsoft SQL Server\110\Tools\Binn\;C:\Program Files (x86)\Microsoft SDKs\TypeScript\1.0\;C:\Program Files\Microsoft SQL Server\120\Tools\Binn\;C:\Program Files (x86)\Microsoft SQL Server\Client SDK\ODBC\130\Tools\Binn\;C:\Program Files (x86)\Microsoft SQL Server\140\Tools\Binn\;C:\Program Files (x86)\Microsoft SQL Server\140\DTS\Binn\;C:\Program Files (x86)\Microsoft SQL Server\140\Tools\Binn\ManagementStudio\;C:\Program Files\dotnet\;C:\Program Files\Microsoft SQL Server\130\Tools\Binn\;C:\WINDOWS\System32\OpenSSH\;C:\Program Files\nodejs\;C:\Program Files\Java\jdk1.8.0_271\bin\;C:\Users\PMood.INTEUM2\AppData\Local\Microsoft\WindowsApps;C:\Users\PMood.INTEUM2\AppData\Local\Programs\Fiddler;C:\Users\PMood.INTEUM2\AppData\Local\Microsoft\WindowsApps;C:\Users\PMood.INTEUM2\AppData\Roaming\npm;C:\Program Files\Java\jdk1.8.0_271\"/>
    <property name="VS120COMNTOOLS" value="C:\Program Files (x86)\Microsoft Visual Studio 12.0\Common7\Tools\"/>
    <property name="java.vm.specification.name" value="Java Virtual Machine Specification"/>
    <property name="PROCESSOR_ARCHITECTURE" value="AMD64"/>
    <property name="PROCESSOR_IDENTIFIER" value="Intel64 Family 6 Model 79 Stepping 1, GenuineIntel"/>
    <property name="java.vm.specification.version" value="1.8"/>
    <property name="sun.os.patch.level" value=""/>
    <property name="sun.cpu.endian" value="little"/>
    <property name="M2_HOME" value="C:\Myown\apache-maven-3.6.3-bin\apache-maven-3.6.3\"/>
    <property name="java.io.tmpdir" value="C:\Users\PMOOD~1.INT\AppData\Local\Temp\"/>
    <property name="OS" value="Windows_NT"/>
    <property name="HUDSON_HOME" value="C:\Users\PMood.INTEUM2\.jenkins"/>
    <property name="PATH+MAVEN" value="C:\Myown\apache-maven-3.6.3-bin\apache-maven-3.6.3\/bin"/>
    <property name="ProgramFiles(x86)" value="C:\Program Files (x86)"/>
    <property name="BUILD_URL" value="http://localhost:8080/job/FirstMaven/3/"/>
    <property name="java.vendor.url.bug" value="http://bugreport.sun.com/bugreport/"/>
    <property name="java.awt.graphicsenv" value="sun.awt.Win32GraphicsEnvironment"/>
    <property name="os.arch" value="amd64"/>
    <property name="SystemRoot" value="C:\WINDOWS"/>
    <property name="java.ext.dirs" value="C:\Program Files\Java\jdk1.8.0_271\jre\lib\ext;C:\WINDOWS\Sun\Java\lib\ext"/>
    <property name="user.dir" value="C:\Users\PMood.INTEUM2\eclipse-workspace\automation"/>
    <property name="JOB_URL" value="http://localhost:8080/job/FirstMaven/"/>
    <property name="LOGONSERVER" value="\\AR-AD"/>
    <property name="USERDOMAIN" value="INTEUM2"/>
    <property name="line.separator" value="&#10;"/>
    <property name="MAVEN_HOME" value="C:\Myown\apache-maven-3.6.3-bin\apache-maven-3.6.3\"/>
    <property name="java.vm.name" value="Java HotSpot(TM) 64-Bit Server VM"/>
    <property name="BUILD_NUMBER" value="3"/>
    <property name="JENKINS_URL" value="http://localhost:8080/"/>
    <property name="PROCESSOR_REVISION" value="4f01"/>
    <property name="ProgramW6432" value="C:\Program Files"/>
    <property name="windir" value="C:\WINDOWS"/>
    <property name="=C:" value="C:\Myown"/>
    <property name="file.encoding" value="Cp1252"/>
    <property name="SystemDrive" value="C:"/>
    <property name="maven3.interceptor" value="C:\Users\PMood.INTEUM2\.jenkins\plugins\maven-plugin\WEB-INF\lib\maven35-interceptor-1.13.jar"/>
    <property name="WORKSPACE_TMP" value="C:\Users\PMood.INTEUM2\.jenkins\workspace\FirstMaven@tmp"/>
    <property name="WORKSPACE" value="C:\Users\PMood.INTEUM2\.jenkins\workspace\FirstMaven"/>
    <property name="maven3.interceptor.common" value="C:\Users\PMood.INTEUM2\.jenkins\plugins\maven-plugin\WEB-INF\lib\maven3-interceptor-commons-1.13.jar"/>
    <property name="java.specification.version" value="1.8"/>
    <property name="PSModulePath" value="%ProgramFiles%\WindowsPowerShell\Modules;C:\WINDOWS\system32\WindowsPowerShell\v1.0\Modules"/>
    <property name="DriverData" value="C:\Windows\System32\Drivers\DriverData"/>
  </properties>
  <testcase name="Login" classname="com.tests.FirstTestTest" time="39.089"/>
  <testcase name="Test" classname="com.tests.FirstTestTest" time="191.723">
    <failure message="chrome not reachable&#10;  (Session info: chrome=87.0.4280.88)&#10;Build info: version: &apos;3.14.0&apos;, revision: &apos;aacccce0&apos;, time: &apos;2018-08-02T20:19:58.91Z&apos;&#10;System info: host: &apos;PREET-PC&apos;, ip: &apos;192.168.9.100&apos;, os.name: &apos;Windows 10&apos;, os.arch: &apos;amd64&apos;, os.version: &apos;10.0&apos;, java.version: &apos;1.8.0_271&apos;&#10;Driver info: org.openqa.selenium.chrome.ChromeDriver&#10;Capabilities {acceptInsecureCerts: false, browserName: chrome, browserVersion: 87.0.4280.88, chrome: {chromedriverVersion: 86.0.4240.22 (398b0743353ff..., userDataDir: C:\Users\PMOOD~1.INT\AppDat...}, goog:chromeOptions: {debuggerAddress: localhost:54835}, javascriptEnabled: true, networkConnectionEnabled: false, pageLoadStrategy: normal, platform: WINDOWS, platformName: WINDOWS, proxy: Proxy(), setWindowRect: true, strictFileInteractability: false, timeouts: {implicit: 0, pageLoad: 300000, script: 30000}, unhandledPromptBehavior: dismiss and notify, webauthn:virtualAuthenticators: true}&#10;Session ID: 72c8112fd558c4abb251d5353b77e5d5&#10;*** Element info: {Using=xpath, value=//textarea[@class=&apos;k-textarea min-editor-textarea ng-valid ng-touched ng-dirty&apos;]}" type="org.openqa.selenium.WebDriverException">org.openqa.selenium.WebDriverException: chrome not reachable
  (Session info: chrome=87.0.4280.88)
Build info: version: '3.14.0', revision: 'aacccce0', time: '2018-08-02T20:19:58.91Z'
System info: host: 'PREET-PC', ip: '192.168.9.100', os.name: 'Windows 10', os.arch: 'amd64', os.version: '10.0', java.version: '1.8.0_271'
Driver info: org.openqa.selenium.chrome.ChromeDriver
Capabilities {acceptInsecureCerts: false, browserName: chrome, browserVersion: 87.0.4280.88, chrome: {chromedriverVersion: 86.0.4240.22 (398b0743353ff..., userDataDir: C:\Users\PMOOD~1.INT\AppDat...}, goog:chromeOptions: {debuggerAddress: localhost:54835}, javascriptEnabled: true, networkConnectionEnabled: false, pageLoadStrategy: normal, platform: WINDOWS, platformName: WINDOWS, proxy: Proxy(), setWindowRect: true, strictFileInteractability: false, timeouts: {implicit: 0, pageLoad: 300000, script: 30000}, unhandledPromptBehavior: dismiss and notify, webauthn:virtualAuthenticators: true}
Session ID: 72c8112fd558c4abb251d5353b77e5d5
*** Element info: {Using=xpath, value=//textarea[@class='k-textarea min-editor-textarea ng-valid ng-touched ng-dirty']}
	at sun.reflect.NativeConstructorAccessorImpl.newInstance0(Native Method)
	at sun.reflect.NativeConstructorAccessorImpl.newInstance(NativeConstructorAccessorImpl.java:62)
	at sun.reflect.DelegatingConstructorAccessorImpl.newInstance(DelegatingConstructorAccessorImpl.java:45)
	at java.lang.reflect.Constructor.newInstance(Constructor.java:423)
	at org.openqa.selenium.remote.http.W3CHttpResponseCodec.createException(W3CHttpResponseCodec.java:187)
	at org.openqa.selenium.remote.http.W3CHttpResponseCodec.decode(W3CHttpResponseCodec.java:122)
	at org.openqa.selenium.remote.http.W3CHttpResponseCodec.decode(W3CHttpResponseCodec.java:49)
	at org.openqa.selenium.remote.HttpCommandExecutor.execute(HttpCommandExecutor.java:158)
	at org.openqa.selenium.remote.service.DriverCommandExecutor.execute(DriverCommandExecutor.java:83)
	at org.openqa.selenium.remote.RemoteWebDriver.execute(RemoteWebDriver.java:548)
	at org.openqa.selenium.remote.RemoteWebDriver.findElement(RemoteWebDriver.java:322)
	at org.openqa.selenium.remote.RemoteWebDriver.findElementByXPath(RemoteWebDriver.java:424)
	at org.openqa.selenium.By$ByXPath.findElement(By.java:353)
	at org.openqa.selenium.remote.RemoteWebDriver.findElement(RemoteWebDriver.java:314)
	at com.pages.GrantsAwards.verifyChangesAcceptSaved(GrantsAwards.java:201)
	at com.tests.FirstTestTest.Test(FirstTestTest.java:53)
</failure>
    <system-out><![CDATA[afterMethod
beforeMethod
preetadmin userName
GrantsAwards
3293719
The count of search149
The count of search149
true
checkButtonsEnabled
checkButtonsEnabled completed
afterDiscardingValue   Title
originalTitleValue Title
noDirtyChangestrue
]]></system-out>
    <system-err><![CDATA[Dec 14, 2020 12:06:39 PM com.utility.GenericWebMethods clickWebElement
INFO: clickWebElement: [[ChromeDriver: chrome on WINDOWS (72c8112fd558c4abb251d5353b77e5d5)] -> xpath: //button[@title='Find Grants/Awards']//following-sibling::button]
Dec 14, 2020 12:06:39 PM com.utility.GenericWebMethods waitForElementToBeVisbile
INFO: waitForElementToVisbile: [[ChromeDriver: chrome on WINDOWS (72c8112fd558c4abb251d5353b77e5d5)] -> xpath: //button[@title='Find Grants/Awards']//following-sibling::button]
Dec 14, 2020 12:06:43 PM com.utility.GenericWebMethods clickWebElement
INFO: clickWebElement: [[ChromeDriver: chrome on WINDOWS (72c8112fd558c4abb251d5353b77e5d5)] -> xpath: //span[text()='Internal ID']//..//..//..//..//span[@class='k-icon k-i-arrow-s']]
Dec 14, 2020 12:06:43 PM com.utility.GenericWebMethods waitForElementToBeVisbile
INFO: waitForElementToVisbile: [[ChromeDriver: chrome on WINDOWS (72c8112fd558c4abb251d5353b77e5d5)] -> xpath: //span[text()='Internal ID']//..//..//..//..//span[@class='k-icon k-i-arrow-s']]
Dec 14, 2020 12:06:44 PM com.utility.GenericWebMethods clickWebElement
INFO: clickWebElement: [[ChromeDriver: chrome on WINDOWS (72c8112fd558c4abb251d5353b77e5d5)] -> xpath: //*[contains(text(),'GRNT-2020-')]]
Dec 14, 2020 12:06:44 PM com.utility.GenericWebMethods waitForElementToBeVisbile
INFO: waitForElementToVisbile: [[ChromeDriver: chrome on WINDOWS (72c8112fd558c4abb251d5353b77e5d5)] -> xpath: //*[contains(text(),'GRNT-2020-')]]
Dec 14, 2020 12:06:44 PM com.utility.GenericWebMethods clickWebElement
INFO: clickWebElement: [[ChromeDriver: chrome on WINDOWS (72c8112fd558c4abb251d5353b77e5d5)] -> xpath: //span[@aria-label='Toggle calendar']]
Dec 14, 2020 12:06:44 PM com.utility.GenericWebMethods waitForElementToBeVisbile
INFO: waitForElementToVisbile: [[ChromeDriver: chrome on WINDOWS (72c8112fd558c4abb251d5353b77e5d5)] -> xpath: //span[@aria-label='Toggle calendar']]
Dec 14, 2020 12:06:44 PM com.utility.GenericWebMethods clickWebElement
INFO: clickWebElement: [[ChromeDriver: chrome on WINDOWS (72c8112fd558c4abb251d5353b77e5d5)] -> xpath: //span[@class='k-today']]
Dec 14, 2020 12:06:44 PM com.utility.GenericWebMethods waitForElementToBeVisbile
INFO: waitForElementToVisbile: [[ChromeDriver: chrome on WINDOWS (72c8112fd558c4abb251d5353b77e5d5)] -> xpath: //span[@class='k-today']]
Dec 14, 2020 12:06:45 PM com.utility.GenericWebMethods clickWebElement
INFO: clickWebElement: [[ChromeDriver: chrome on WINDOWS (72c8112fd558c4abb251d5353b77e5d5)] -> xpath: //button[@title='Save']]
Dec 14, 2020 12:06:45 PM com.utility.GenericWebMethods waitForElementToBeVisbile
INFO: waitForElementToVisbile: [[ChromeDriver: chrome on WINDOWS (72c8112fd558c4abb251d5353b77e5d5)] -> xpath: //button[@title='Save']]
Dec 14, 2020 12:07:05 PM com.utility.GenericWebMethods clickWebElement
INFO: clickWebElement: [[ChromeDriver: chrome on WINDOWS (72c8112fd558c4abb251d5353b77e5d5)] -> xpath: (//div[@style="grid-area:1/2/2/3;"])[2]]
Dec 14, 2020 12:07:05 PM com.utility.GenericWebMethods waitForElementToBeVisbile
INFO: waitForElementToVisbile: [[ChromeDriver: chrome on WINDOWS (72c8112fd558c4abb251d5353b77e5d5)] -> xpath: (//div[@style="grid-area:1/2/2/3;"])[2]]
Dec 14, 2020 12:07:12 PM com.utility.GenericWebMethods clickWebElement
INFO: clickWebElement: [[ChromeDriver: chrome on WINDOWS (72c8112fd558c4abb251d5353b77e5d5)] -> xpath: //span[text()='Sponsor']//..//..//..//..//span[@class='k-icon k-i-arrow-s']]
Dec 14, 2020 12:07:12 PM com.utility.GenericWebMethods waitForElementToBeVisbile
INFO: waitForElementToVisbile: [[ChromeDriver: chrome on WINDOWS (72c8112fd558c4abb251d5353b77e5d5)] -> xpath: //span[text()='Sponsor']//..//..//..//..//span[@class='k-icon k-i-arrow-s']]
Dec 14, 2020 12:07:22 PM com.utility.GenericWebMethods clickWebElement
INFO: clickWebElement: [[ChromeDriver: chrome on WINDOWS (72c8112fd558c4abb251d5353b77e5d5)] -> xpath: //*[contains(text(),'3M industries')]]
Dec 14, 2020 12:07:22 PM com.utility.GenericWebMethods waitForElementToBeVisbile
INFO: waitForElementToVisbile: [[ChromeDriver: chrome on WINDOWS (72c8112fd558c4abb251d5353b77e5d5)] -> xpath: //*[contains(text(),'3M industries')]]
Dec 14, 2020 12:07:23 PM com.utility.GenericWebMethods clickWebElement
INFO: clickWebElement: [[ChromeDriver: chrome on WINDOWS (72c8112fd558c4abb251d5353b77e5d5)] -> xpath: //button[text()=' Cancel ']//preceding-sibling::button]
Dec 14, 2020 12:07:23 PM com.utility.GenericWebMethods waitForElementToBeVisbile
INFO: waitForElementToVisbile: [[ChromeDriver: chrome on WINDOWS (72c8112fd558c4abb251d5353b77e5d5)] -> xpath: //button[text()=' Cancel ']//preceding-sibling::button]
Dec 14, 2020 12:07:38 PM com.utility.GenericWebMethods enterText
INFO: enterText: [[ChromeDriver: chrome on WINDOWS (72c8112fd558c4abb251d5353b77e5d5)] -> xpath: //input[@class='min-editor-text fillwidth ng-untouched ng-pristine ng-valid k-textbox']], abc3293719
Dec 14, 2020 12:07:38 PM com.utility.GenericWebMethods waitForElementToBeVisbile
INFO: waitForElementToVisbile: [[ChromeDriver: chrome on WINDOWS (72c8112fd558c4abb251d5353b77e5d5)] -> xpath: //input[@class='min-editor-text fillwidth ng-untouched ng-pristine ng-valid k-textbox']]
Dec 14, 2020 12:07:39 PM com.utility.GenericWebMethods clickWebElement
INFO: clickWebElement: [[ChromeDriver: chrome on WINDOWS (72c8112fd558c4abb251d5353b77e5d5)] -> xpath: //button[@title='Save']]
Dec 14, 2020 12:07:39 PM com.utility.GenericWebMethods waitForElementToBeVisbile
INFO: waitForElementToVisbile: [[ChromeDriver: chrome on WINDOWS (72c8112fd558c4abb251d5353b77e5d5)] -> xpath: //button[@title='Save']]
Dec 14, 2020 12:07:39 PM com.utility.GenericWebMethods clickWebElement
INFO: clickWebElement: [[ChromeDriver: chrome on WINDOWS (72c8112fd558c4abb251d5353b77e5d5)] -> xpath: //button[text()=' Grants/Awards ']]
Dec 14, 2020 12:07:39 PM com.utility.GenericWebMethods waitForElementToBeVisbile
INFO: waitForElementToVisbile: [[ChromeDriver: chrome on WINDOWS (72c8112fd558c4abb251d5353b77e5d5)] -> xpath: //button[text()=' Grants/Awards ']]
Dec 14, 2020 12:07:44 PM com.utility.GenericWebMethods enterText
INFO: enterText: [[ChromeDriver: chrome on WINDOWS (72c8112fd558c4abb251d5353b77e5d5)] -> xpath: //input[@placeholder='Search...']], abc3293719
Dec 14, 2020 12:07:44 PM com.utility.GenericWebMethods waitForElementToBeVisbile
INFO: waitForElementToVisbile: [[ChromeDriver: chrome on WINDOWS (72c8112fd558c4abb251d5353b77e5d5)] -> xpath: //input[@placeholder='Search...']]
Dec 14, 2020 12:07:50 PM com.utility.GenericWebMethods waitForElementToBeVisbile
INFO: waitForElementToVisbile: [[ChromeDriver: chrome on WINDOWS (72c8112fd558c4abb251d5353b77e5d5)] -> xpath: //input[@placeholder='Search...']]
Dec 14, 2020 12:07:55 PM com.utility.GenericWebMethods waitForElementToBeVisbile
INFO: waitForElementToVisbile: [[ChromeDriver: chrome on WINDOWS (72c8112fd558c4abb251d5353b77e5d5)] -> xpath: //input[@placeholder='Search...']]
Dec 14, 2020 12:08:05 PM com.utility.GenericWebMethods enterText
INFO: enterText: [[ChromeDriver: chrome on WINDOWS (72c8112fd558c4abb251d5353b77e5d5)] -> xpath: //input[@placeholder='Search...']], abc
Dec 14, 2020 12:08:05 PM com.utility.GenericWebMethods waitForElementToBeVisbile
INFO: waitForElementToVisbile: [[ChromeDriver: chrome on WINDOWS (72c8112fd558c4abb251d5353b77e5d5)] -> xpath: //input[@placeholder='Search...']]
Dec 14, 2020 12:08:11 PM com.utility.GenericWebMethods waitForElementToBeVisbile
INFO: waitForElementToVisbile: [[ChromeDriver: chrome on WINDOWS (72c8112fd558c4abb251d5353b77e5d5)] -> xpath: //input[@placeholder='Search...']]
Dec 14, 2020 12:08:16 PM com.utility.GenericWebMethods waitForElementToBeVisbile
INFO: waitForElementToVisbile: [[ChromeDriver: chrome on WINDOWS (72c8112fd558c4abb251d5353b77e5d5)] -> xpath: //input[@placeholder='Search...']]
Dec 14, 2020 12:08:27 PM com.utility.GenericWebMethods clickWebElement
INFO: clickWebElement: [[ChromeDriver: chrome on WINDOWS (72c8112fd558c4abb251d5353b77e5d5)] -> xpath: //button[@title='Cancel']]
Dec 14, 2020 12:08:27 PM com.utility.GenericWebMethods waitForElementToBeVisbile
INFO: waitForElementToVisbile: [[ChromeDriver: chrome on WINDOWS (72c8112fd558c4abb251d5353b77e5d5)] -> xpath: //button[@title='Cancel']]
Dec 14, 2020 12:08:27 PM com.utility.GenericWebMethods clickWebElement
INFO: clickWebElement: [[ChromeDriver: chrome on WINDOWS (72c8112fd558c4abb251d5353b77e5d5)] -> xpath: //button[text()=' No ']]
Dec 14, 2020 12:08:27 PM com.utility.GenericWebMethods waitForElementToBeVisbile
INFO: waitForElementToVisbile: [[ChromeDriver: chrome on WINDOWS (72c8112fd558c4abb251d5353b77e5d5)] -> xpath: //button[text()=' No ']]
Dec 14, 2020 12:08:51 PM com.utility.GenericWebMethods clickWebElement
INFO: clickWebElement: [[ChromeDriver: chrome on WINDOWS (72c8112fd558c4abb251d5353b77e5d5)] -> xpath: //button[text()=' Grants/Awards ']]
Dec 14, 2020 12:08:51 PM com.utility.GenericWebMethods waitForElementToBeVisbile
INFO: waitForElementToVisbile: [[ChromeDriver: chrome on WINDOWS (72c8112fd558c4abb251d5353b77e5d5)] -> xpath: //button[text()=' Grants/Awards ']]
Dec 14, 2020 12:08:59 PM com.utility.GenericWebMethods enterText
INFO: enterText: [[ChromeDriver: chrome on WINDOWS (72c8112fd558c4abb251d5353b77e5d5)] -> xpath: //input[@placeholder='Search...']], abc
Dec 14, 2020 12:08:59 PM com.utility.GenericWebMethods waitForElementToBeVisbile
INFO: waitForElementToVisbile: [[ChromeDriver: chrome on WINDOWS (72c8112fd558c4abb251d5353b77e5d5)] -> xpath: //input[@placeholder='Search...']]
Dec 14, 2020 12:09:04 PM com.utility.GenericWebMethods waitForElementToBeVisbile
INFO: waitForElementToVisbile: [[ChromeDriver: chrome on WINDOWS (72c8112fd558c4abb251d5353b77e5d5)] -> xpath: //input[@placeholder='Search...']]
Dec 14, 2020 12:09:09 PM com.utility.GenericWebMethods waitForElementToBeVisbile
INFO: waitForElementToVisbile: [[ChromeDriver: chrome on WINDOWS (72c8112fd558c4abb251d5353b77e5d5)] -> xpath: //input[@placeholder='Search...']]
Dec 14, 2020 12:09:15 PM com.utility.GenericWebMethods clickWebElement
INFO: clickWebElement: [[ChromeDriver: chrome on WINDOWS (72c8112fd558c4abb251d5353b77e5d5)] -> xpath: //button[@title='Cancel']]
Dec 14, 2020 12:09:15 PM com.utility.GenericWebMethods waitForElementToBeVisbile
INFO: waitForElementToVisbile: [[ChromeDriver: chrome on WINDOWS (72c8112fd558c4abb251d5353b77e5d5)] -> xpath: //button[@title='Cancel']]
Dec 14, 2020 12:09:15 PM com.utility.GenericWebMethods clickWebElement
INFO: clickWebElement: [[ChromeDriver: chrome on WINDOWS (72c8112fd558c4abb251d5353b77e5d5)] -> xpath: //button[text()=' Yes ']]
Dec 14, 2020 12:09:15 PM com.utility.GenericWebMethods waitForElementToBeVisbile
INFO: waitForElementToVisbile: [[ChromeDriver: chrome on WINDOWS (72c8112fd558c4abb251d5353b77e5d5)] -> xpath: //button[text()=' Yes ']]
[1607965770.195][WARNING]: Timed out connecting to Chrome, retrying...
[1607965782.397][WARNING]: Timed out connecting to Chrome, retrying...
]]></system-err>
  </testcase>
</testsuite>